<?xml version="1.0" encoding="UTF-8"?>
<!-- Generated by org.testng.reporters.JUnitReportReporter -->
<testsuite skipped="0" hostname="lclmaclai008.clublabs.com" name="multithreading.AuthenticationTest" tests="2" failures="0" timestamp="26 Mar 2019 01:00:04 GMT" time="13.349" errors="0">
  <testcase name="userIsAbleToAuthenticateSuccessfullyJira001" time="7.208" classname="multithreading.AuthenticationTest"/>
  <testcase name="userIsAbleToAuthenticateSuccessfullyJira001" time="6.141" classname="multithreading.AuthenticationTest"/>
</testsuite> <!-- multithreading.AuthenticationTest -->
